<?xml version="1.0" encoding="UTF-8"?>
<!-- Generated by org.testng.reporters.JUnitReportReporter -->
<testsuite skipped="0" hostname="HJD23108-I" name="tests.NewTest" tests="1" failures="0" timestamp="27 Dec 2018 10:58:59 GMT" time="53.064" errors="0">
  <testcase name="openMyBlog" time="53.064" classname="tests.NewTest"/>
</testsuite> <!-- tests.NewTest -->
